[debug] > Exec(run, None, None)
[debug] Evaluating tasks: Compile / run
[debug] Running task... Cancel: Signal, check cycles: false, forcegc: true
[info] compiling 1 Scala source to C:\Git\Scala\Задание 3\2.Java\target\scala-2.12\classes ...
[error] C:\Git\Scala\Задание 3\2.Java\src\main\scala\JsonReader.scala:1:12: object apache is not a member of package org
[error] import org.apache.spark.sql.execution.streaming.CommitMetadata.format
[error]            ^
[error] C:\Git\Scala\Задание 3\2.Java\src\main\scala\JsonReader.scala:2:12: object json4s is not a member of package org
[error] import org.json4s._
[error]            ^
[error] C:\Git\Scala\Задание 3\2.Java\src\main\scala\JsonReader.scala:3:12: object json4s is not a member of package org
[error] import org.json4s.jackson.JsonMethods._
[error]            ^
[error] C:\Git\Scala\Задание 3\2.Java\src\main\scala\JsonReader.scala:45:25: not found: value parse
[error]       val decodedUser = parse(j + "}").extract[User]
[error]                         ^
[error] four errors found
[error] (Compile / compileIncremental) Compilation failed
[error] Total time: 3 s, completed 08.04.2021 7:47:13
[debug] > Exec(idea-shell, None, None)
